src\test\java\driver\driver\DriverFactory.java:5: error: package org.openqa.selenium does not exist
import org.openqa.selenium.JavascriptExecutor;
                          ^
src\test\java\driver\driver\DriverFactory.java:6: error: package org.openqa.selenium does not exist
import org.openqa.selenium.WebDriver;
                          ^
src\test\java\driver\driver\DriverFactory.java:7: error: package org.openqa.selenium.remote does not exist
import org.openqa.selenium.remote.DesiredCapabilities;
                                 ^
src\test\java\driver\driver\DriverFactory.java:8: error: package org.openqa.selenium.remote does not exist
import org.openqa.selenium.remote.RemoteWebDriver;
                                 ^
src\test\java\driver\driver\DriverFactory.java:26: error: cannot find symbol
    private  WebDriver driver = null;
             ^
  symbol:   class WebDriver
  location: class DriverFactory
src\test\java\driver\driver\DriverFactory.java:28: error: cannot find symbol
    public  WebDriver getDriver() {
            ^
  symbol:   class WebDriver
  location: class DriverFactory
src\test\java\driver\driver\ImplementationToDo.java:4: error: package org.openqa.selenium does not exist
import org.openqa.selenium.By;
                          ^
src\test\java\driver\driver\ImplementationToDo.java:5: error: package org.openqa.selenium does not exist
import org.openqa.selenium.JavascriptExecutor;
                          ^
src\test\java\driver\driver\ImplementationToDo.java:6: error: package org.openqa.selenium does not exist
import org.openqa.selenium.WebDriver;
                          ^
src\test\java\driver\driver\ImplementationToDo.java:7: error: package org.openqa.selenium does not exist
import org.openqa.selenium.WebElement;
                          ^
src\test\java\driver\driver\ImplementationToDo.java:11: error: package org.junit does not exist
import static org.junit.Assert.assertEquals;
                       ^
src\test\java\driver\driver\ImplementationToDo.java:11: error: static import only from classes and interfaces
import static org.junit.Assert.assertEquals;
^
src\test\java\driver\driver\ImplementationToDo.java:15: error: cannot find symbol
    private final WebDriver driver;
                  ^
  symbol:   class WebDriver
  location: class ImplementationToDo
src\test\java\driver\driver\ImplementationToDo.java:16: error: cannot find symbol
    WebElement budgetMin;
    ^
  symbol:   class WebElement
  location: class ImplementationToDo
src\test\java\driver\driver\StepImplementation_ToDo.java:4: error: package org.openqa.selenium does not exist
import org.openqa.selenium.By;
                          ^
src\test\java\driver\driver\StepImplementation_ToDo.java:5: error: package org.openqa.selenium does not exist
import org.openqa.selenium.WebDriver;
                          ^
src\test\java\driver\driver\StepImplementation_ToDo.java:6: error: package org.openqa.selenium does not exist
import org.openqa.selenium.WebElement;
                          ^
src\test\java\driver\driver\StepImplementation_ToDo.java:10: error: package org.junit does not exist
import static org.junit.Assert.assertEquals;
                       ^
src\test\java\driver\driver\StepImplementation_ToDo.java:10: error: static import only from classes and interfaces
import static org.junit.Assert.assertEquals;
^
src\test\java\driver\driver\StepImplementation_ToDo.java:14: error: cannot find symbol
    private final WebDriver driver;
                  ^
  symbol:   class WebDriver
  location: class StepImplementation_ToDo
src\test\java\driver\driver\DriverFactory.java:38: error: cannot find symbol
            DesiredCapabilities capabilities = new DesiredCapabilities();
            ^
  symbol:   class DesiredCapabilities
  location: class DriverFactory
src\test\java\driver\driver\DriverFactory.java:38: error: cannot find symbol
            DesiredCapabilities capabilities = new DesiredCapabilities();
                                                   ^
  symbol:   class DesiredCapabilities
  location: class DriverFactory
src\test\java\driver\driver\DriverFactory.java:48: error: cannot find symbol
            driver = new RemoteWebDriver(new URL("https://" + username + ":" + accesskey + gridURL), capabilities);
                         ^
  symbol:   class RemoteWebDriver
  location: class DriverFactory
src\test\java\driver\driver\DriverFactory.java:60: error: cannot find symbol
            ((JavascriptExecutor) driver).executeScript("lambda-status=" + status);
              ^
  symbol:   class JavascriptExecutor
  location: class DriverFactory
src\test\java\driver\driver\ImplementationToDo.java:33: error: cannot find symbol
      WebElement byClass = driver.findElement(By.xpath("//ul[2]/li/a"));
      ^
  symbol:   class WebElement
  location: class ImplementationToDo
src\test\java\driver\driver\ImplementationToDo.java:33: error: cannot find symbol
      WebElement byClass = driver.findElement(By.xpath("//ul[2]/li/a"));
                                              ^
  symbol:   variable By
  location: class ImplementationToDo
src\test\java\driver\driver\ImplementationToDo.java:37: error: cannot find symbol
             WebElement budget =driver.findElement(By.xpath("(//a[text()='Budget'])[1]"));
             ^
  symbol:   class WebElement
  location: class ImplementationToDo
src\test\java\driver\driver\ImplementationToDo.java:37: error: cannot find symbol
             WebElement budget =driver.findElement(By.xpath("(//a[text()='Budget'])[1]"));
                                                   ^
  symbol:   variable By
  location: class ImplementationToDo
src\test\java\driver\driver\ImplementationToDo.java:47: error: cannot find symbol
  JavascriptExecutor js = (JavascriptExecutor) driver;
  ^
  symbol:   class JavascriptExecutor
  location: class ImplementationToDo
src\test\java\driver\driver\ImplementationToDo.java:47: error: cannot find symbol
  JavascriptExecutor js = (JavascriptExecutor) driver;
                           ^
  symbol:   class JavascriptExecutor
  location: class ImplementationToDo
src\test\java\driver\driver\ImplementationToDo.java:48: error: cannot find symbol
  budgetMin= driver.findElement(By.xpath("//*[@id='bdgmin'][1]"));
                                ^
  symbol:   variable By
  location: class ImplementationToDo
src\test\java\driver\driver\ImplementationToDo.java:55: error: cannot find symbol
  JavascriptExecutor js = (JavascriptExecutor) driver;
  ^
  symbol:   class JavascriptExecutor
  location: class ImplementationToDo
src\test\java\driver\driver\ImplementationToDo.java:55: error: cannot find symbol
  JavascriptExecutor js = (JavascriptExecutor) driver;
                           ^
  symbol:   class JavascriptExecutor
  location: class ImplementationToDo
src\test\java\driver\driver\ImplementationToDo.java:56: error: cannot find symbol
  budgetMin.sendKeys(minValue);
                     ^
  symbol:   variable minValue
  location: class ImplementationToDo
src\test\java\driver\driver\ImplementationToDo.java:58: error: cannot find symbol
  WebElement budgetMax = driver.findElement(By.xpath("//*[@id='bdgmax'][1]"));
  ^
  symbol:   class WebElement
  location: class ImplementationToDo
src\test\java\driver\driver\ImplementationToDo.java:58: error: cannot find symbol
  WebElement budgetMax = driver.findElement(By.xpath("//*[@id='bdgmax'][1]"));
                                            ^
  symbol:   variable By
  location: class ImplementationToDo
src\test\java\driver\driver\ImplementationToDo.java:59: error: cannot find symbol
  budgetMax.sendKeys(maxValue);
                     ^
  symbol:   variable maxValue
  location: class ImplementationToDo
src\test\java\driver\driver\ImplementationToDo.java:61: error: cannot find symbol
  WebElement searchBnt = driver.findElement(By.xpath("//*[@id='s_search_btn']"));
  ^
  symbol:   class WebElement
  location: class ImplementationToDo
src\test\java\driver\driver\ImplementationToDo.java:61: error: cannot find symbol
  WebElement searchBnt = driver.findElement(By.xpath("//*[@id='s_search_btn']"));
                                            ^
  symbol:   variable By
  location: class ImplementationToDo
src\test\java\driver\driver\ImplementationToDo.java:74: error: cannot find symbol
      WebElement addItem  = driver.findElement(By.id("sampletodotext"));
      ^
  symbol:   class WebElement
  location: class ImplementationToDo
src\test\java\driver\driver\ImplementationToDo.java:74: error: cannot find symbol
      WebElement addItem  = driver.findElement(By.id("sampletodotext"));
                                               ^
  symbol:   variable By
  location: class ImplementationToDo
src\test\java\driver\driver\ImplementationToDo.java:78: error: cannot find symbol
      WebElement addButton = driver.findElement(By.id("addbutton"));
      ^
  symbol:   class WebElement
  location: class ImplementationToDo
src\test\java\driver\driver\ImplementationToDo.java:78: error: cannot find symbol
      WebElement addButton = driver.findElement(By.id("addbutton"));
                                                ^
  symbol:   variable By
  location: class ImplementationToDo
src\test\java\driver\driver\StepImplementation_ToDo.java:26: error: cannot find symbol
        assertEquals(title,"Sample page - lambdatest.com");
        ^
  symbol:   method assertEquals(String,String)
  location: class StepImplementation_ToDo
src\test\java\driver\driver\StepImplementation_ToDo.java:32: error: cannot find symbol
      WebElement itemOne = driver.findElement(By.name("li1"));
      ^
  symbol:   class WebElement
  location: class StepImplementation_ToDo
src\test\java\driver\driver\StepImplementation_ToDo.java:32: error: cannot find symbol
      WebElement itemOne = driver.findElement(By.name("li1"));
                                              ^
  symbol:   variable By
  location: class StepImplementation_ToDo
src\test\java\driver\driver\StepImplementation_ToDo.java:37: error: cannot find symbol
      WebElement itemThird = driver.findElement(By.name("li3"));
      ^
  symbol:   class WebElement
  location: class StepImplementation_ToDo
src\test\java\driver\driver\StepImplementation_ToDo.java:37: error: cannot find symbol
      WebElement itemThird = driver.findElement(By.name("li3"));
                                                ^
  symbol:   variable By
  location: class StepImplementation_ToDo
src\test\java\driver\driver\StepImplementation_ToDo.java:44: error: cannot find symbol
      WebElement addItem  = driver.findElement(By.id("sampletodotext"));
      ^
  symbol:   class WebElement
  location: class StepImplementation_ToDo
src\test\java\driver\driver\StepImplementation_ToDo.java:44: error: cannot find symbol
      WebElement addItem  = driver.findElement(By.id("sampletodotext"));
                                               ^
  symbol:   variable By
  location: class StepImplementation_ToDo
src\test\java\driver\driver\StepImplementation_ToDo.java:48: error: cannot find symbol
      WebElement addButton = driver.findElement(By.id("addbutton"));
      ^
  symbol:   class WebElement
  location: class StepImplementation_ToDo
src\test\java\driver\driver\StepImplementation_ToDo.java:48: error: cannot find symbol
      WebElement addButton = driver.findElement(By.id("addbutton"));
                                                ^
  symbol:   variable By
  location: class StepImplementation_ToDo
52 errors
