24-02-2023 23:57:01.396 [Gauge] [DEBUG] Created gauge_screenshots_dir at C:\Users\ADMIN\Downloads\gauge-selenium-sample-master\.gauge\screenshots
24-02-2023 23:57:01.459 [Gauge] [DEBUG] Plugin java is already installed.
24-02-2023 23:57:01.459 [Gauge] [INFO] Compatible version of plugin html-report not found. Installing plugin html-report...
24-02-2023 23:57:01.459 [Gauge] [DEBUG] Gathering metadata for html-report
24-02-2023 23:57:01.459 [Gauge] [DEBUG] Downloading https://downloads.gauge.org/plugin/html-report?l=java&p=java&o=windows&a=amd64
24-02-2023 23:57:02.787 [Gauge] [DEBUG] Downloading https://github.com/getgauge/html-report/releases/download/v4.2.0/html-report-4.2.0-windows.x86_64.zip
24-02-2023 23:57:19.089 [Gauge] [DEBUG] Installing plugin html-report 4.2.0
24-02-2023 23:57:20.898 [Gauge] [INFO] Successfully installed plugin 'html-report' version 4.2.0
24-02-2023 23:57:20.970 [Gauge] [INFO] Installing required plugins.
24-02-2023 23:57:20.970 [Gauge] [DEBUG] Installing plugin 'screenshot'
24-02-2023 23:57:20.970 [Gauge] [DEBUG] Gathering metadata for screenshot
24-02-2023 23:57:20.988 [Gauge] [DEBUG] Downloading https://downloads.gauge.org/plugin/screenshot?l=java&p=html-report,java&o=windows&a=amd64
24-02-2023 23:57:21.140 [Gauge] [DEBUG] Downloading https://github.com/getgauge/gauge_screenshot/releases/download/v0.1.0/screenshot-0.1.0-windows.x86_64.zip
24-02-2023 23:57:21.880 [Gauge] [DEBUG] Checking updates...
24-02-2023 23:57:21.887 [Gauge] [DEBUG] Downloading https://downloads.gauge.org/plugin/html-report?l=java&p=html-report,java&o=windows&a=amd64
24-02-2023 23:57:22.028 [Gauge] [DEBUG] Downloading https://downloads.gauge.org/plugin/java?l=java&p=html-report,java&o=windows&a=amd64
24-02-2023 23:57:25.911 [Gauge] [DEBUG] Installing plugin screenshot 0.1.0
24-02-2023 23:57:28.313 [Gauge] [INFO] Successfully installed plugin 'screenshot' version 0.1.0
24-02-2023 23:57:28.413 [Gauge] [DEBUG] Parsing started.
24-02-2023 23:57:28.413 [Gauge] [DEBUG] Started concepts parsing.
24-02-2023 23:57:28.428 [Gauge] [DEBUG] 0 concepts parsing completed.
24-02-2023 23:57:28.429 [Gauge] [DEBUG] Started specifications parsing.
24-02-2023 23:57:28.431 [Gauge] [ERROR] [ParseError] C:\Users\ADMIN\Downloads\gauge-selenium-sample-master\specs\todoApp1.spec:1 Spec heading not found => ''
24-02-2023 23:57:28.431 [Gauge] [DEBUG] 2 specifications parsing completed.
24-02-2023 23:57:28.442 [Gauge] [DEBUG] Parsing completed.
24-02-2023 23:57:28.663 [java] [DEBUG] ***** Printing Properties/Env Values *****
24-02-2023 23:57:28.663 [java] [DEBUG] PATH: C:\Program Files\Common Files\Oracle\Java\javapath;C:\Windows\system32;C:\Windows;C:\Windows\System32\Wbem;C:\Windows\System32\WindowsPowerShell\v1.0\;C:\Windows\System32\OpenSSH\;C:\Program Files\Java\jdk-19\bin;C:\Program Files\apache-maven-3.9.0\bin;C:\Program Files\Gauge\bin;C:\Users\ADMIN\AppData\Local\Microsoft\WindowsApps;;C:\Users\ADMIN\AppData\Local\Programs\Microsoft VS Code\bin;C:\Users\ADMIN\AppData\Roaming\gauge\plugins\screenshot\0.1.0
24-02-2023 23:57:28.663 [java] [DEBUG] JAVA_HOME: C:\Program Files\Java\jdk-19
24-02-2023 23:57:28.663 [java] [DEBUG] gauge_project_root: C:\Users\ADMIN\Downloads\gauge-selenium-sample-master
24-02-2023 23:57:28.663 [java] [DEBUG] gauge_parallel_streams_count: 2
24-02-2023 23:57:28.663 [java] [DEBUG] gauge_reports_dir: reports
24-02-2023 23:57:28.663 [java] [DEBUG] overwrite_reports: true
24-02-2023 23:57:28.663 [java] [DEBUG] logs_directory: logs
24-02-2023 23:57:28.663 [java] [DEBUG] enable_multithreading: true
24-02-2023 23:57:28.663 [java] [DEBUG] gauge_specs_dir: specs
24-02-2023 23:57:28.663 [java] [DEBUG] csv_delimiter: ,
24-02-2023 23:57:28.663 [java] [DEBUG] gauge_java_home: 
24-02-2023 23:57:28.663 [java] [DEBUG] gauge_custom_build_path: 
24-02-2023 23:57:28.663 [java] [DEBUG] gauge_additional_libs: libs/*
24-02-2023 23:57:28.663 [java] [DEBUG] gauge_jvm_args: 
24-02-2023 23:57:28.663 [java] [DEBUG] gauge_custom_compile_dir: 
24-02-2023 23:57:28.664 [java] [DEBUG] gauge_clear_state_level: 
24-02-2023 23:57:28.664 [java] [DEBUG] ***** END *****
24-02-2023 23:57:41.776 [java] [ERROR] Installed version of gauge-java (0.9.1) does not match with dependency gauge-java (0.7.15) specified in pom.xml file
24-02-2023 23:57:41.777 [java] [DEBUG] classpath set to C:\Users\ADMIN\Downloads\gauge-selenium-sample-master\target\test-classes;C:\Users\ADMIN\Downloads\gauge-selenium-sample-master\target\classes;C:\Users\ADMIN\.m2\repository\com\thoughtworks\gauge\gauge-java\0.7.15\gauge-java-0.7.15.jar;C:\Users\ADMIN\.m2\repository\org\assertj\assertj-core\3.19.0\assertj-core-3.19.0.jar;C:\Users\ADMIN\.m2\repository\org\reflections\reflections\0.9.9\reflections-0.9.9.jar;C:\Users\ADMIN\.m2\repository\org\javassist\javassist\3.18.2-GA\javassist-3.18.2-GA.jar;C:\Users\ADMIN\.m2\repository\com\google\code\findbugs\annotations\2.0.1\annotations-2.0.1.jar;C:\Users\ADMIN\.m2\repository\com\github\javaparser\javaparser-core\3.16.3\javaparser-core-3.16.3.jar;C:\Users\ADMIN\.m2\repository\commons-io\commons-io\2.8.0\commons-io-2.8.0.jar;C:\Users\ADMIN\.m2\repository\commons-lang\commons-lang\2.6\commons-lang-2.6.jar;C:\Users\ADMIN\.m2\repository\org\json\json\20210307\json-20210307.jar;C:\Users\ADMIN\.m2\repository\com\google\protobuf\protobuf-java\3.15.8\protobuf-java-3.15.8.jar;C:\Users\ADMIN\.m2\repository\com\google\guava\guava\30.1.1-jre\guava-30.1.1-jre.jar;C:\Users\ADMIN\.m2\repository\com\google\guava\failureaccess\1.0.1\failureaccess-1.0.1.jar;C:\Users\ADMIN\.m2\repository\com\google\guava\listenablefuture\9999.0-empty-to-avoid-conflict-with-guava\listenablefuture-9999.0-empty-to-avoid-conflict-with-guava.jar;C:\Users\ADMIN\.m2\repository\com\google\code\findbugs\jsr305\3.0.2\jsr305-3.0.2.jar;C:\Users\ADMIN\.m2\repository\org\checkerframework\checker-qual\3.8.0\checker-qual-3.8.0.jar;C:\Users\ADMIN\.m2\repository\com\google\errorprone\error_prone_annotations\2.5.1\error_prone_annotations-2.5.1.jar;C:\Users\ADMIN\.m2\repository\com\google\j2objc\j2objc-annotations\1.3\j2objc-annotations-1.3.jar;C:\Users\ADMIN\.m2\repository\io\grpc\grpc-netty-shaded\1.37.0\grpc-netty-shaded-1.37.0.jar;C:\Users\ADMIN\.m2\repository\io\grpc\grpc-core\1.37.0\grpc-core-1.37.0.jar;C:\Users\ADMIN\.m2\repository\com\google\code\gson\gson\2.8.6\gson-2.8.6.jar;C:\Users\ADMIN\.m2\repository\com\google\android\annotations\4.1.1.4\annotations-4.1.1.4.jar;C:\Users\ADMIN\.m2\repository\io\perfmark\perfmark-api\0.23.0\perfmark-api-0.23.0.jar;C:\Users\ADMIN\.m2\repository\io\grpc\grpc-protobuf\1.37.0\grpc-protobuf-1.37.0.jar;C:\Users\ADMIN\.m2\repository\io\grpc\grpc-api\1.37.0\grpc-api-1.37.0.jar;C:\Users\ADMIN\.m2\repository\io\grpc\grpc-context\1.37.0\grpc-context-1.37.0.jar;C:\Users\ADMIN\.m2\repository\com\google\api\grpc\proto-google-common-protos\2.0.1\proto-google-common-protos-2.0.1.jar;C:\Users\ADMIN\.m2\repository\io\grpc\grpc-protobuf-lite\1.37.0\grpc-protobuf-lite-1.37.0.jar;C:\Users\ADMIN\.m2\repository\org\codehaus\mojo\animal-sniffer-annotations\1.19\animal-sniffer-annotations-1.19.jar;C:\Users\ADMIN\.m2\repository\io\grpc\grpc-stub\1.37.0\grpc-stub-1.37.0.jar;C:\Users\ADMIN\.m2\repository\javax\annotation\javax.annotation-api\1.3.2\javax.annotation-api-1.3.2.jar;C:\Users\ADMIN\.m2\repository\junit\junit\4.13.1\junit-4.13.1.jar;C:\Users\ADMIN\.m2\repository\org\hamcrest\hamcrest-core\1.3\hamcrest-core-1.3.jar;C:\Users\ADMIN\.m2\repository\org\seleniumhq\selenium\selenium-java\3.141.59\selenium-java-3.141.59.jar;C:\Users\ADMIN\.m2\repository\org\seleniumhq\selenium\selenium-api\3.141.59\selenium-api-3.141.59.jar;C:\Users\ADMIN\.m2\repository\org\seleniumhq\selenium\selenium-chrome-driver\3.141.59\selenium-chrome-driver-3.141.59.jar;C:\Users\ADMIN\.m2\repository\org\seleniumhq\selenium\selenium-edge-driver\3.141.59\selenium-edge-driver-3.141.59.jar;C:\Users\ADMIN\.m2\repository\org\seleniumhq\selenium\selenium-firefox-driver\3.141.59\selenium-firefox-driver-3.141.59.jar;C:\Users\ADMIN\.m2\repository\org\seleniumhq\selenium\selenium-ie-driver\3.141.59\selenium-ie-driver-3.141.59.jar;C:\Users\ADMIN\.m2\repository\org\seleniumhq\selenium\selenium-opera-driver\3.141.59\selenium-opera-driver-3.141.59.jar;C:\Users\ADMIN\.m2\repository\org\seleniumhq\selenium\selenium-remote-driver\3.141.59\selenium-remote-driver-3.141.59.jar;C:\Users\ADMIN\.m2\repository\org\seleniumhq\selenium\selenium-safari-driver\3.141.59\selenium-safari-driver-3.141.59.jar;C:\Users\ADMIN\.m2\repository\org\seleniumhq\selenium\selenium-support\3.141.59\selenium-support-3.141.59.jar;C:\Users\ADMIN\.m2\repository\net\bytebuddy\byte-buddy\1.8.15\byte-buddy-1.8.15.jar;C:\Users\ADMIN\.m2\repository\org\apache\commons\commons-exec\1.3\commons-exec-1.3.jar;C:\Users\ADMIN\.m2\repository\com\squareup\okhttp3\okhttp\3.11.0\okhttp-3.11.0.jar;C:\Users\ADMIN\.m2\repository\com\squareup\okio\okio\1.14.0\okio-1.14.0.jar
24-02-2023 23:57:41.872 [java] [DEBUG] found java executable in C:\Program Files\Java\jdk-19\bin\java.exe
24-02-2023 23:57:41.872 [java] [DEBUG] running - C:\Program Files\Java\jdk-19\bin\java.exe [-Dfile.encoding=UTF-8 com.thoughtworks.gauge.GaugeRuntime --start]
24-02-2023 23:57:41.872 [java] [DEBUG] stdout/stderr is logged to logs\2204-java.exe.out
24-02-2023 23:57:42.613 [java] [DEBUG] multithreading is set to true
24-02-2023 23:57:42.613 [java] [DEBUG] multithreading enabled, number of threads=2
24-02-2023 23:57:44.279 [java] [DEBUG] Using reflection to scan dependencies for gauge implementations...
24-02-2023 23:57:48.511 [java] [DEBUG] gauge-java took 5884milliseconds to load and scan. This should be less than 'runner_connection_timeout' config value.
24-02-2023 23:57:48.511 [java] [DEBUG] run 'gauge config runner_connection_timeout' and verify that it is < 5884
24-02-2023 23:57:48.511 [java] [DEBUG] starting gRPC server...
24-02-2023 23:57:50.262 [java] [DEBUG] started gRPC server on port 49864
24-02-2023 23:57:50.280 [Gauge] [DEBUG] Attempting to connect to grpc server at port: 49864
24-02-2023 23:57:52.054 [Gauge] [DEBUG] Successfully made the connection with runner with port: 49864
24-02-2023 23:57:52.066 [Gauge] [DEBUG] Validation started.
24-02-2023 23:57:53.925 [java] [DEBUG] Scanning packages for steps
24-02-2023 23:57:53.961 [java] [DEBUG] Comparing 'driver.driver.StepImplementation_ToDo.gotoApp' and 'driver.driver.StepImplementation_ToDo.gotoApp'
24-02-2023 23:57:53.961 [java] [DEBUG] Found Open the todo app in current project scope.
24-02-2023 23:57:53.963 [java] [DEBUG] Comparing 'driver.driver.StepImplementation_ToDo.addNewItem' and 'driver.driver.StepImplementation_ToDo.addNewItem'
24-02-2023 23:57:53.963 [java] [DEBUG] Found Add new item {} in current project scope.
24-02-2023 23:57:53.964 [java] [DEBUG] Comparing 'driver.driver.StepImplementation_ToDo.selectItems' and 'driver.driver.StepImplementation_ToDo.selectItems'
24-02-2023 23:57:53.964 [java] [DEBUG] Found Select the desired items in current project scope.
24-02-2023 23:57:53.964 [java] [DEBUG] Scanning packages for hooks
24-02-2023 23:57:54.013 [java] [DEBUG] Scanned steps (using static parsing + reflections): 
24-02-2023 23:57:54.013 [java] [DEBUG] 	Add new item {} : public void addNewItem(String itemName) throws InterruptedException
24-02-2023 23:57:54.013 [java] [DEBUG] 	Open the todo app : public void gotoApp() throws InterruptedException
24-02-2023 23:57:54.013 [java] [DEBUG] 	Select the desired items : public void selectItems() throws InterruptedException
24-02-2023 23:57:57.580 [Gauge] [DEBUG] Validation completed.
24-02-2023 23:57:57.668 [Gauge] [DEBUG] Run started
24-02-2023 23:57:57.678 [Gauge] [DEBUG] Starting Html Report plugin
24-02-2023 23:57:59.097 [html-report] [DEBUG] Setting MaxRecvMsgSize = 1024 MB
24-02-2023 23:57:59.116 [Gauge] [DEBUG] Attempting to connect to grpc server at port: 49870
24-02-2023 23:57:59.119 [Gauge] [DEBUG] Successfully made the connection with plugin with port: 49870
24-02-2023 23:57:59.146 [Gauge] [INFO] Executing in 2 parallel streams.
24-02-2023 23:57:59.146 [Gauge] [DEBUG] Using multithreading for parallel execution.
24-02-2023 23:57:59.795 [Gauge] [INFO] # Getting Started with Gauge
24-02-2023 23:58:04.439 [java] [INFO] Unauthorized, either Username or AccessKey is invalid. (WARNING: The server did not provide any stacktrace information)
24-02-2023 23:58:04.439 [java] [INFO] Command duration or timeout: 2.70 seconds
24-02-2023 23:58:04.439 [java] [INFO] Build info: version: '3.141.59', revision: 'e82be7d358', time: '2018-11-14T08:17:03'
24-02-2023 23:58:04.439 [java] [INFO] System info: host: 'DESKTOP-ET8QFN2', ip: '192.168.1.24', os.name: 'Windows 10', os.arch: 'amd64', os.version: '10.0', java.version: '19.0.2'
24-02-2023 23:58:04.439 [java] [INFO] Driver info: driver.version: RemoteWebDriver
24-02-2023 23:58:04.622 [Gauge] [INFO] ## Get Started
24-02-2023 23:58:04.653 [Gauge] [DEBUG] * Open the todo app

24-02-2023 23:58:04.736 [java] [DEBUG] Executing 'Open the todo app' using 'class driver.driver.StepImplementation_ToDo.gotoApp
24-02-2023 23:58:05.953 [java] [INFO] Unauthorized, either Username or AccessKey is invalid. (WARNING: The server did not provide any stacktrace information)
24-02-2023 23:58:05.953 [java] [INFO] Command duration or timeout: 1.18 seconds
24-02-2023 23:58:05.953 [java] [INFO] Build info: version: '3.141.59', revision: 'e82be7d358', time: '2018-11-14T08:17:03'
24-02-2023 23:58:05.953 [java] [INFO] System info: host: 'DESKTOP-ET8QFN2', ip: '192.168.1.24', os.name: 'Windows 10', os.arch: 'amd64', os.version: '10.0', java.version: '19.0.2'
24-02-2023 23:58:05.953 [java] [INFO] Driver info: driver.version: RemoteWebDriver
24-02-2023 23:58:09.711 [Gauge] [ERROR] 
Failed Step: Open the todo app
24-02-2023 23:58:09.711 [Gauge] [ERROR] Specification: specs\todoApp.spec:7
24-02-2023 23:58:09.711 [Gauge] [ERROR] Error Message: java.lang.NullPointerException: Cannot invoke "org.openqa.selenium.WebDriver.get(String)" because "this.driver" is null
24-02-2023 23:58:09.711 [Gauge] [ERROR] Stacktrace: 
driver.driver.StepImplementation_ToDo.gotoApp(StepImplementation_ToDo.java:25)
java.base/jdk.internal.reflect.DirectMethodHandleAccessor.invoke(DirectMethodHandleAccessor.java:104)
java.base/java.lang.reflect.Method.invoke(Method.java:578)
com.thoughtworks.gauge.execution.MethodExecutor.execute(MethodExecutor.java:28)
com.thoughtworks.gauge.execution.StepExecutionStage.executeStepMethod(StepExecutionStage.java:66)
com.thoughtworks.gauge.execution.StepExecutionStage.executeStep(StepExecutionStage.java:59)
com.thoughtworks.gauge.execution.StepExecutionStage.execute(StepExecutionStage.java:41)
com.thoughtworks.gauge.execution.AbstractExecutionStage.executeNext(AbstractExecutionStage.java:14)
com.thoughtworks.gauge.execution.HookExecutionStage.execute(HookExecutionStage.java:33)
com.thoughtworks.gauge.execution.ExecutionPipeline.start(ExecutionPipeline.java:19)
com.thoughtworks.gauge.processor.ExecuteStepProcessor.process(ExecuteStepProcessor.java:44)
com.thoughtworks.gauge.RunnerServiceHandler.lambda$executeStep$7(RunnerServiceHandler.java:166)
java.base/java.util.concurrent.ThreadPoolExecutor.runWorker(ThreadPoolExecutor.java:1144)
java.base/java.util.concurrent.ThreadPoolExecutor$Worker.run(ThreadPoolExecutor.java:642)
java.base/java.lang.Thread.run(Thread.java:1589)
24-02-2023 23:58:09.920 [java] [DEBUG] Killing Java runner...
24-02-2023 23:58:09.920 [java] [DEBUG] Stopping execution pool...
24-02-2023 23:58:09.920 [java] [DEBUG] Shutting down grpc server...
24-02-2023 23:58:09.920 [java] [DEBUG] Runner killed gracefully.
24-02-2023 23:58:10.717 [Gauge] [DEBUG] Runner with PID:2204 has exited
24-02-2023 23:58:10.764 [html-report] [DEBUG] Transformed SuiteResult to report structure
24-02-2023 23:58:11.110 [html-report] [INFO] Successfully generated html-report to => C:\Users\ADMIN\Downloads\gauge-selenium-sample-master\reports\html-report\index.html
24-02-2023 23:58:11.110 [html-report] [DEBUG] Done generating HTML report using theme from C:\Users\ADMIN\AppData\Roaming\gauge\plugins\html-report\4.2.0\themes\default
24-02-2023 23:58:11.187 [Gauge] [DEBUG] Sending kill message to Html Report plugin.
24-02-2023 23:58:11.202 [Gauge] [INFO] Specifications:	2 executed	0 passed	2 failed	0 skipped
24-02-2023 23:58:11.202 [Gauge] [INFO] Scenarios:	1 executed	0 passed	1 failed	0 skipped
24-02-2023 23:58:11.238 [Gauge] [INFO] 
Total time taken: 13.054s
26-02-2023 19:53:14.479 [Gauge] [DEBUG] Created gauge_screenshots_dir at c:\Users\ADMIN\Downloads\gauge-selenium-sample-master\.gauge\screenshots
26-02-2023 19:53:14.599 [Gauge] [DEBUG] Plugin java is already installed.
26-02-2023 19:53:14.609 [Gauge] [DEBUG] Plugin html-report is already installed.
26-02-2023 19:53:14.609 [Gauge] [DEBUG] Parsing started.
26-02-2023 19:53:14.609 [Gauge] [DEBUG] Started concepts parsing.
26-02-2023 19:53:14.623 [Gauge] [DEBUG] 0 concepts parsing completed.
26-02-2023 19:53:14.623 [Gauge] [DEBUG] Started specifications parsing.
26-02-2023 19:53:14.624 [Gauge] [DEBUG] 1 specifications parsing completed.
26-02-2023 19:53:14.807 [Gauge] [DEBUG] Parsing completed.
26-02-2023 19:53:16.064 [java] [DEBUG] ***** Printing Properties/Env Values *****
26-02-2023 19:53:16.064 [java] [DEBUG] PATH: C:\Program Files\Common Files\Oracle\Java\javapath;C:\Windows\system32;C:\Windows;C:\Windows\System32\Wbem;C:\Windows\System32\WindowsPowerShell\v1.0\;C:\Windows\System32\OpenSSH\;C:\Program Files\Java\jdk-19\bin;C:\Program Files\apache-maven-3.9.0\bin;C:\Program Files\Gauge\bin;C:\Users\ADMIN\AppData\Local\Microsoft\WindowsApps;;C:\Users\ADMIN\AppData\Local\Programs\Microsoft VS Code\bin;C:\Users\ADMIN\AppData\Roaming\gauge\plugins\screenshot\0.1.0
26-02-2023 19:53:16.064 [java] [DEBUG] JAVA_HOME: C:\Program Files\Java\jdk-19
26-02-2023 19:53:16.064 [java] [DEBUG] gauge_project_root: c:\Users\ADMIN\Downloads\gauge-selenium-sample-master
26-02-2023 19:53:16.064 [java] [DEBUG] gauge_parallel_streams_count: 4
26-02-2023 19:53:16.065 [java] [DEBUG] gauge_reports_dir: reports
26-02-2023 19:53:16.065 [java] [DEBUG] overwrite_reports: true
26-02-2023 19:53:16.065 [java] [DEBUG] logs_directory: logs
26-02-2023 19:53:16.065 [java] [DEBUG] enable_multithreading: true
26-02-2023 19:53:16.065 [java] [DEBUG] gauge_specs_dir: specs
26-02-2023 19:53:16.065 [java] [DEBUG] csv_delimiter: ,
26-02-2023 19:53:16.065 [java] [DEBUG] gauge_java_home: 
26-02-2023 19:53:16.065 [java] [DEBUG] gauge_custom_build_path: 
26-02-2023 19:53:16.065 [java] [DEBUG] gauge_additional_libs: libs/*
26-02-2023 19:53:16.065 [java] [DEBUG] gauge_jvm_args: 
26-02-2023 19:53:16.065 [java] [DEBUG] gauge_custom_compile_dir: 
26-02-2023 19:53:16.065 [java] [DEBUG] gauge_clear_state_level: 
26-02-2023 19:53:16.065 [java] [DEBUG] ***** END *****
26-02-2023 19:53:20.514 [Gauge] [DEBUG] Checking updates...
26-02-2023 19:53:20.698 [Gauge] [DEBUG] Downloading https://downloads.gauge.org/plugin/html-report?l=java&p=html-report,java,screenshot&o=windows&a=amd64
26-02-2023 19:53:23.990 [Gauge] [DEBUG] Downloading https://downloads.gauge.org/plugin/java?l=java&p=html-report,java,screenshot&o=windows&a=amd64
26-02-2023 19:53:24.317 [Gauge] [DEBUG] Downloading https://downloads.gauge.org/plugin/screenshot?l=java&p=html-report,java,screenshot&o=windows&a=amd64
26-02-2023 19:53:43.536 [java] [ERROR] Installed version of gauge-java (0.9.1) does not match with dependency gauge-java (0.7.15) specified in pom.xml file
26-02-2023 19:53:43.538 [java] [DEBUG] classpath set to c:\Users\ADMIN\Downloads\gauge-selenium-sample-master\target\test-classes;c:\Users\ADMIN\Downloads\gauge-selenium-sample-master\target\classes;C:\Users\ADMIN\.m2\repository\com\thoughtworks\gauge\gauge-java\0.7.15\gauge-java-0.7.15.jar;C:\Users\ADMIN\.m2\repository\org\assertj\assertj-core\3.19.0\assertj-core-3.19.0.jar;C:\Users\ADMIN\.m2\repository\org\reflections\reflections\0.9.9\reflections-0.9.9.jar;C:\Users\ADMIN\.m2\repository\org\javassist\javassist\3.18.2-GA\javassist-3.18.2-GA.jar;C:\Users\ADMIN\.m2\repository\com\google\code\findbugs\annotations\2.0.1\annotations-2.0.1.jar;C:\Users\ADMIN\.m2\repository\com\github\javaparser\javaparser-core\3.16.3\javaparser-core-3.16.3.jar;C:\Users\ADMIN\.m2\repository\commons-io\commons-io\2.8.0\commons-io-2.8.0.jar;C:\Users\ADMIN\.m2\repository\commons-lang\commons-lang\2.6\commons-lang-2.6.jar;C:\Users\ADMIN\.m2\repository\org\json\json\20210307\json-20210307.jar;C:\Users\ADMIN\.m2\repository\com\google\protobuf\protobuf-java\3.15.8\protobuf-java-3.15.8.jar;C:\Users\ADMIN\.m2\repository\com\google\guava\guava\30.1.1-jre\guava-30.1.1-jre.jar;C:\Users\ADMIN\.m2\repository\com\google\guava\failureaccess\1.0.1\failureaccess-1.0.1.jar;C:\Users\ADMIN\.m2\repository\com\google\guava\listenablefuture\9999.0-empty-to-avoid-conflict-with-guava\listenablefuture-9999.0-empty-to-avoid-conflict-with-guava.jar;C:\Users\ADMIN\.m2\repository\com\google\code\findbugs\jsr305\3.0.2\jsr305-3.0.2.jar;C:\Users\ADMIN\.m2\repository\org\checkerframework\checker-qual\3.8.0\checker-qual-3.8.0.jar;C:\Users\ADMIN\.m2\repository\com\google\errorprone\error_prone_annotations\2.5.1\error_prone_annotations-2.5.1.jar;C:\Users\ADMIN\.m2\repository\com\google\j2objc\j2objc-annotations\1.3\j2objc-annotations-1.3.jar;C:\Users\ADMIN\.m2\repository\io\grpc\grpc-netty-shaded\1.37.0\grpc-netty-shaded-1.37.0.jar;C:\Users\ADMIN\.m2\repository\io\grpc\grpc-core\1.37.0\grpc-core-1.37.0.jar;C:\Users\ADMIN\.m2\repository\com\google\code\gson\gson\2.8.6\gson-2.8.6.jar;C:\Users\ADMIN\.m2\repository\com\google\android\annotations\4.1.1.4\annotations-4.1.1.4.jar;C:\Users\ADMIN\.m2\repository\io\perfmark\perfmark-api\0.23.0\perfmark-api-0.23.0.jar;C:\Users\ADMIN\.m2\repository\io\grpc\grpc-protobuf\1.37.0\grpc-protobuf-1.37.0.jar;C:\Users\ADMIN\.m2\repository\io\grpc\grpc-api\1.37.0\grpc-api-1.37.0.jar;C:\Users\ADMIN\.m2\repository\io\grpc\grpc-context\1.37.0\grpc-context-1.37.0.jar;C:\Users\ADMIN\.m2\repository\com\google\api\grpc\proto-google-common-protos\2.0.1\proto-google-common-protos-2.0.1.jar;C:\Users\ADMIN\.m2\repository\io\grpc\grpc-protobuf-lite\1.37.0\grpc-protobuf-lite-1.37.0.jar;C:\Users\ADMIN\.m2\repository\org\codehaus\mojo\animal-sniffer-annotations\1.19\animal-sniffer-annotations-1.19.jar;C:\Users\ADMIN\.m2\repository\io\grpc\grpc-stub\1.37.0\grpc-stub-1.37.0.jar;C:\Users\ADMIN\.m2\repository\javax\annotation\javax.annotation-api\1.3.2\javax.annotation-api-1.3.2.jar;C:\Users\ADMIN\.m2\repository\junit\junit\4.13.1\junit-4.13.1.jar;C:\Users\ADMIN\.m2\repository\org\hamcrest\hamcrest-core\1.3\hamcrest-core-1.3.jar;C:\Users\ADMIN\.m2\repository\org\seleniumhq\selenium\selenium-java\3.141.59\selenium-java-3.141.59.jar;C:\Users\ADMIN\.m2\repository\org\seleniumhq\selenium\selenium-api\3.141.59\selenium-api-3.141.59.jar;C:\Users\ADMIN\.m2\repository\org\seleniumhq\selenium\selenium-chrome-driver\3.141.59\selenium-chrome-driver-3.141.59.jar;C:\Users\ADMIN\.m2\repository\org\seleniumhq\selenium\selenium-edge-driver\3.141.59\selenium-edge-driver-3.141.59.jar;C:\Users\ADMIN\.m2\repository\org\seleniumhq\selenium\selenium-firefox-driver\3.141.59\selenium-firefox-driver-3.141.59.jar;C:\Users\ADMIN\.m2\repository\org\seleniumhq\selenium\selenium-ie-driver\3.141.59\selenium-ie-driver-3.141.59.jar;C:\Users\ADMIN\.m2\repository\org\seleniumhq\selenium\selenium-opera-driver\3.141.59\selenium-opera-driver-3.141.59.jar;C:\Users\ADMIN\.m2\repository\org\seleniumhq\selenium\selenium-remote-driver\3.141.59\selenium-remote-driver-3.141.59.jar;C:\Users\ADMIN\.m2\repository\org\seleniumhq\selenium\selenium-safari-driver\3.141.59\selenium-safari-driver-3.141.59.jar;C:\Users\ADMIN\.m2\repository\org\seleniumhq\selenium\selenium-support\3.141.59\selenium-support-3.141.59.jar;C:\Users\ADMIN\.m2\repository\net\bytebuddy\byte-buddy\1.8.15\byte-buddy-1.8.15.jar;C:\Users\ADMIN\.m2\repository\org\apache\commons\commons-exec\1.3\commons-exec-1.3.jar;C:\Users\ADMIN\.m2\repository\com\squareup\okhttp3\okhttp\3.11.0\okhttp-3.11.0.jar;C:\Users\ADMIN\.m2\repository\com\squareup\okio\okio\1.14.0\okio-1.14.0.jar
26-02-2023 19:53:45.120 [java] [DEBUG] found java executable in C:\Program Files\Java\jdk-19\bin\java.exe
26-02-2023 19:53:45.126 [java] [DEBUG] running - C:\Program Files\Java\jdk-19\bin\java.exe [-Dfile.encoding=UTF-8 com.thoughtworks.gauge.GaugeRuntime --start]
26-02-2023 19:53:45.127 [java] [DEBUG] stdout/stderr is logged to logs\4588-java.exe.out
26-02-2023 19:53:45.578 [Gauge] [CRITICAL] Failed to start gauge API: Timed out connecting to java
